Analysis & Synthesis report for my_uart_top
Mon Mar 05 08:28:50 2018
Quartus II 64-Bit Version 13.1.0 Build 162 10/23/2013 SJ Web Edition


---------------------
; Table of Contents ;
---------------------
  1. Legal Notice
  2. Analysis & Synthesis Summary
  3. Analysis & Synthesis Settings
  4. Parallel Compilation
  5. Analysis & Synthesis Source Files Read
  6. Analysis & Synthesis Resource Usage Summary
  7. Analysis & Synthesis Resource Utilization by Entity
  8. Registers Removed During Synthesis
  9. General Register Statistics
 10. Inverted Register Statistics
 11. Multiplexer Restructuring Statistics (Restructuring Performed)
 12. Analysis & Synthesis Messages



----------------
; Legal Notice ;
----------------
Copyright (C) 1991-2013 Altera Corporation
Your use of Altera Corporation's design tools, logic functions 
and other software and tools, and its AMPP partner logic 
functions, and any output files from any of the foregoing 
(including device programming or simulation files), and any 
associated documentation or information are expressly subject 
to the terms and conditions of the Altera Program License 
Subscription Agreement, Altera MegaCore Function License 
Agreement, or other applicable license agreement, including, 
without limitation, that your use is for the sole purpose of 
programming logic devices manufactured by Altera and sold by 
Altera or its authorized distributors.  Please refer to the 
applicable agreement for further details.



+--------------------------------------------------------------------------+
; Analysis & Synthesis Summary                                             ;
+-----------------------------+--------------------------------------------+
; Analysis & Synthesis Status ; Successful - Mon Mar 05 08:28:50 2018      ;
; Quartus II 64-Bit Version   ; 13.1.0 Build 162 10/23/2013 SJ Web Edition ;
; Revision Name               ; my_uart_top                                ;
; Top-level Entity Name       ; my_uart_top                                ;
; Family                      ; MAX II                                     ;
; Total logic elements        ; 113                                        ;
; Total pins                  ; 4                                          ;
; Total virtual pins          ; 0                                          ;
; UFM blocks                  ; 0 / 1 ( 0 % )                              ;
+-----------------------------+--------------------------------------------+


+----------------------------------------------------------------------------------------------------------------------+
; Analysis & Synthesis Settings                                                                                        ;
+----------------------------------------------------------------------------+--------------------+--------------------+
; Option                                                                     ; Setting            ; Default Value      ;
+----------------------------------------------------------------------------+--------------------+--------------------+
; Device                                                                     ; EPM240T100C5       ;                    ;
; Top-level entity name                                                      ; my_uart_top        ; my_uart_top        ;
; Family name                                                                ; MAX II             ; Cyclone IV GX      ;
; Use smart compilation                                                      ; Off                ; Off                ;
; Enable parallel Assembler and TimeQuest Timing Analyzer during compilation ; On                 ; On                 ;
; Enable compact report table                                                ; Off                ; Off                ;
; Restructure Multiplexers                                                   ; Auto               ; Auto               ;
; Create Debugging Nodes for IP Cores                                        ; Off                ; Off                ;
; Preserve fewer node names                                                  ; On                 ; On                 ;
; Disable OpenCore Plus hardware evaluation                                  ; Off                ; Off                ;
; Verilog Version                                                            ; Verilog_2001       ; Verilog_2001       ;
; VHDL Version                                                               ; VHDL_1993          ; VHDL_1993          ;
; State Machine Processing                                                   ; Auto               ; Auto               ;
; Safe State Machine                                                         ; Off                ; Off                ;
; Extract Verilog State Machines                                             ; On                 ; On                 ;
; Extract VHDL State Machines                                                ; On                 ; On                 ;
; Ignore Verilog initial constructs                                          ; Off                ; Off                ;
; Iteration limit for constant Verilog loops                                 ; 5000               ; 5000               ;
; Iteration limit for non-constant Verilog loops                             ; 250                ; 250                ;
; Add Pass-Through Logic to Inferred RAMs                                    ; On                 ; On                 ;
; Infer RAMs from Raw Logic                                                  ; On                 ; On                 ;
; Parallel Synthesis                                                         ; On                 ; On                 ;
; NOT Gate Push-Back                                                         ; On                 ; On                 ;
; Power-Up Don't Care                                                        ; On                 ; On                 ;
; Remove Redundant Logic Cells                                               ; Off                ; Off                ;
; Remove Duplicate Registers                                                 ; On                 ; On                 ;
; Ignore CARRY Buffers                                                       ; Off                ; Off                ;
; Ignore CASCADE Buffers                                                     ; Off                ; Off                ;
; Ignore GLOBAL Buffers                                                      ; Off                ; Off                ;
; Ignore ROW GLOBAL Buffers                                                  ; Off                ; Off                ;
; Ignore LCELL Buffers                                                       ; Off                ; Off                ;
; Ignore SOFT Buffers                                                        ; On                 ; On                 ;
; Limit AHDL Integers to 32 Bits                                             ; Off                ; Off                ;
; Optimization Technique                                                     ; Balanced           ; Balanced           ;
; Carry Chain Length                                                         ; 70                 ; 70                 ;
; Auto Carry Chains                                                          ; On                 ; On                 ;
; Auto Open-Drain Pins                                                       ; On                 ; On                 ;
; Perform WYSIWYG Primitive Resynthesis                                      ; Off                ; Off                ;
; Auto Shift Register Replacement                                            ; Auto               ; Auto               ;
; Allow Shift Register Merging across Hierarchies                            ; Auto               ; Auto               ;
; Auto Clock Enable Replacement                                              ; On                 ; On                 ;
; Allow Synchronous Control Signals                                          ; On                 ; On                 ;
; Force Use of Synchronous Clear Signals                                     ; Off                ; Off                ;
; Auto Resource Sharing                                                      ; Off                ; Off                ;
; Use LogicLock Constraints during Resource Balancing                        ; On                 ; On                 ;
; Ignore translate_off and synthesis_off directives                          ; Off                ; Off                ;
; Report Parameter Settings                                                  ; On                 ; On                 ;
; Report Source Assignments                                                  ; On                 ; On                 ;
; Report Connectivity Checks                                                 ; On                 ; On                 ;
; Ignore Maximum Fan-Out Assignments                                         ; Off                ; Off                ;
; Synchronization Register Chain Length                                      ; 2                  ; 2                  ;
; PowerPlay Power Optimization                                               ; Normal compilation ; Normal compilation ;
; HDL message level                                                          ; Level2             ; Level2             ;
; Suppress Register Optimization Related Messages                            ; Off                ; Off                ;
; Number of Removed Registers Reported in Synthesis Report                   ; 5000               ; 5000               ;
; Number of Swept Nodes Reported in Synthesis Report                         ; 5000               ; 5000               ;
; Number of Inverted Registers Reported in Synthesis Report                  ; 100                ; 100                ;
; Clock MUX Protection                                                       ; On                 ; On                 ;
; Block Design Naming                                                        ; Auto               ; Auto               ;
; Synthesis Effort                                                           ; Auto               ; Auto               ;
; Shift Register Replacement - Allow Asynchronous Clear Signal               ; On                 ; On                 ;
; Pre-Mapping Resynthesis Optimization                                       ; Off                ; Off                ;
; Analysis & Synthesis Message Level                                         ; Medium             ; Medium             ;
; Disable Register Merging Across Hierarchies                                ; Auto               ; Auto               ;
; Synthesis Seed                                                             ; 1                  ; 1                  ;
+----------------------------------------------------------------------------+--------------------+--------------------+


Parallel compilation was disabled, but you have multiple processors available. Enable parallel compilation to reduce compilation time.
+-------------------------------------+
; Parallel Compilation                ;
+----------------------------+--------+
; Processors                 ; Number ;
+----------------------------+--------+
; Number detected on machine ; 4      ;
; Maximum allowed            ; 1      ;
+----------------------------+--------+


+-----------------------------------------------------------------------------------------------------------------------------------------------------------+
; Analysis & Synthesis Source Files Read                                                                                                                    ;
+----------------------------------+-----------------+------------------------------+-------------------------------------------------------------+---------+
; File Name with User-Entered Path ; Used in Netlist ; File Type                    ; File Name with Absolute Path                                ; Library ;
+----------------------------------+-----------------+------------------------------+-------------------------------------------------------------+---------+
; my_uart_top.v                    ; yes             ; Auto-Found Verilog HDL File  ; C:/Users/tg-adm/Google Drive/FPGA/uart-maxII/my_uart_top.v  ;         ;
; speed_select.v                   ; yes             ; Auto-Found Verilog HDL File  ; C:/Users/tg-adm/Google Drive/FPGA/uart-maxII/speed_select.v ;         ;
; my_uart_rx.v                     ; yes             ; Auto-Found Verilog HDL File  ; C:/Users/tg-adm/Google Drive/FPGA/uart-maxII/my_uart_rx.v   ;         ;
; my_uart_tx.v                     ; yes             ; Auto-Found Verilog HDL File  ; C:/Users/tg-adm/Google Drive/FPGA/uart-maxII/my_uart_tx.v   ;         ;
+----------------------------------+-----------------+------------------------------+-------------------------------------------------------------+---------+


+-----------------------------------------------------+
; Analysis & Synthesis Resource Usage Summary         ;
+---------------------------------------------+-------+
; Resource                                    ; Usage ;
+---------------------------------------------+-------+
; Total logic elements                        ; 113   ;
;     -- Combinational with no register       ; 41    ;
;     -- Register only                        ; 23    ;
;     -- Combinational with a register        ; 49    ;
;                                             ;       ;
; Logic element usage by number of LUT inputs ;       ;
;     -- 4 input functions                    ; 48    ;
;     -- 3 input functions                    ; 4     ;
;     -- 2 input functions                    ; 36    ;
;     -- 1 input functions                    ; 2     ;
;     -- 0 input functions                    ; 0     ;
;                                             ;       ;
; Logic elements by mode                      ;       ;
;     -- normal mode                          ; 89    ;
;     -- arithmetic mode                      ; 24    ;
;     -- qfbk mode                            ; 0     ;
;     -- register cascade mode                ; 0     ;
;     -- synchronous clear/load mode          ; 26    ;
;     -- asynchronous clear/load mode         ; 70    ;
;                                             ;       ;
; Total registers                             ; 72    ;
; Total logic cells in carry chains           ; 26    ;
; I/O pins                                    ; 4     ;
; Maximum fan-out node                        ; clk   ;
; Maximum fan-out                             ; 72    ;
; Total fan-out                               ; 486   ;
; Average fan-out                             ; 4.15  ;
+---------------------------------------------+-------+


+-------------------------------------------------------------------------------------------------------------------------------------------------------------------------------------------------------------------------------------+
; Analysis & Synthesis Resource Utilization by Entity                                                                                                                                                                                 ;
+----------------------------+-------------+--------------+------------+------+--------------+--------------+-------------------+------------------+-----------------+------------+------------------------------------+--------------+
; Compilation Hierarchy Node ; Logic Cells ; LC Registers ; UFM Blocks ; Pins ; Virtual Pins ; LUT-Only LCs ; Register-Only LCs ; LUT/Register LCs ; Carry Chain LCs ; Packed LCs ; Full Hierarchy Name                ; Library Name ;
+----------------------------+-------------+--------------+------------+------+--------------+--------------+-------------------+------------------+-----------------+------------+------------------------------------+--------------+
; |my_uart_top               ; 113 (0)     ; 72           ; 0          ; 4    ; 0            ; 41 (0)       ; 23 (0)            ; 49 (0)           ; 26 (0)          ; 0 (0)      ; |my_uart_top                       ; work         ;
;    |my_uart_rx:my_uart_rx| ; 38 (38)     ; 26           ; 0          ; 0    ; 0            ; 12 (12)      ; 12 (12)           ; 14 (14)          ; 0 (0)           ; 0 (0)      ; |my_uart_top|my_uart_rx:my_uart_rx ; work         ;
;    |my_uart_tx:my_uart_tx| ; 31 (31)     ; 18           ; 0          ; 0    ; 0            ; 13 (13)      ; 11 (11)           ; 7 (7)            ; 0 (0)           ; 0 (0)      ; |my_uart_top|my_uart_tx:my_uart_tx ; work         ;
;    |speed_select:speed_rx| ; 22 (22)     ; 14           ; 0          ; 0    ; 0            ; 8 (8)        ; 0 (0)             ; 14 (14)          ; 13 (13)         ; 0 (0)      ; |my_uart_top|speed_select:speed_rx ; work         ;
;    |speed_select:speed_tx| ; 22 (22)     ; 14           ; 0          ; 0    ; 0            ; 8 (8)        ; 0 (0)             ; 14 (14)          ; 13 (13)         ; 0 (0)      ; |my_uart_top|speed_select:speed_tx ; work         ;
+----------------------------+-------------+--------------+------------+------+--------------+--------------+-------------------+------------------+-----------------+------------+------------------------------------+--------------+
Note: For table entries with two numbers listed, the numbers in parentheses indicate the number of resources of the given type used by the specific entity alone. The numbers listed outside of parentheses indicate the total resources of the given type used by the specific entity and all of its sub-entities in the hierarchy.


+------------------------------------------------------------+
; Registers Removed During Synthesis                         ;
+---------------------------------------+--------------------+
; Register name                         ; Reason for Removal ;
+---------------------------------------+--------------------+
; my_uart_tx:my_uart_tx|bps_start_r~en  ; Lost fanout        ;
; my_uart_rx:my_uart_rx|bps_start_r~en  ; Lost fanout        ;
; Total Number of Removed Registers = 2 ;                    ;
+---------------------------------------+--------------------+


+------------------------------------------------------+
; General Register Statistics                          ;
+----------------------------------------------+-------+
; Statistic                                    ; Value ;
+----------------------------------------------+-------+
; Total registers                              ; 72    ;
; Number of registers using Synchronous Clear  ; 26    ;
; Number of registers using Synchronous Load   ; 0     ;
; Number of registers using Asynchronous Clear ; 70    ;
; Number of registers using Asynchronous Load  ; 0     ;
; Number of registers using Clock Enable       ; 16    ;
; Number of registers using Preset             ; 0     ;
+----------------------------------------------+-------+


+--------------------------------------------------+
; Inverted Register Statistics                     ;
+----------------------------------------+---------+
; Inverted Register                      ; Fan out ;
+----------------------------------------+---------+
; my_uart_tx:my_uart_tx|rs232_tx_r       ; 2       ;
; Total number of inverted registers = 1 ;         ;
+----------------------------------------+---------+


+---------------------------------------------------------------------------------------------------------------------------------------------------------+
; Multiplexer Restructuring Statistics (Restructuring Performed)                                                                                          ;
+--------------------+-----------+---------------+----------------------+------------------------+------------+-------------------------------------------+
; Multiplexer Inputs ; Bus Width ; Baseline Area ; Area if Restructured ; Saving if Restructured ; Registered ; Example Multiplexer Output                ;
+--------------------+-----------+---------------+----------------------+------------------------+------------+-------------------------------------------+
; 3:1                ; 4 bits    ; 8 LEs         ; 4 LEs                ; 4 LEs                  ; Yes        ; |my_uart_top|my_uart_tx:my_uart_tx|num[3] ;
; 3:1                ; 4 bits    ; 8 LEs         ; 4 LEs                ; 4 LEs                  ; Yes        ; |my_uart_top|my_uart_rx:my_uart_rx|num[2] ;
+--------------------+-----------+---------------+----------------------+------------------------+------------+-------------------------------------------+


+-------------------------------+
; Analysis & Synthesis Messages ;
+-------------------------------+
Info: *******************************************************************
Info: Running Quartus II 64-Bit Analysis & Synthesis
    Info: Version 13.1.0 Build 162 10/23/2013 SJ Web Edition
    Info: Processing started: Mon Mar 05 08:28:48 2018
Info: Command: quartus_map --read_settings_files=on --write_settings_files=off my_uart_top -c my_uart_top
Warning (20028): Parallel compilation is not licensed and has been disabled
Warning (12125): Using design file my_uart_top.v, which is not specified as a design file for the current project, but contains definitions for 1 design units and 1 entities in project
    Info (12023): Found entity 1: my_uart_top
Info (12127): Elaborating entity "my_uart_top" for the top level hierarchy
Warning (12125): Using design file speed_select.v, which is not specified as a design file for the current project, but contains definitions for 1 design units and 1 entities in project
    Info (12023): Found entity 1: speed_select
Info (12128): Elaborating entity "speed_select" for hierarchy "speed_select:speed_rx"
Warning (12125): Using design file my_uart_rx.v, which is not specified as a design file for the current project, but contains definitions for 1 design units and 1 entities in project
    Info (12023): Found entity 1: my_uart_rx
Info (12128): Elaborating entity "my_uart_rx" for hierarchy "my_uart_rx:my_uart_rx"
Warning (12125): Using design file my_uart_tx.v, which is not specified as a design file for the current project, but contains definitions for 1 design units and 1 entities in project
    Info (12023): Found entity 1: my_uart_tx
Info (12128): Elaborating entity "my_uart_tx" for hierarchy "my_uart_tx:my_uart_tx"
Warning (13046): Tri-state node(s) do not directly drive top-level pin(s)
    Warning (13049): Converted tri-state buffer "my_uart_tx:my_uart_tx|bps_start" feeding internal logic into a wire
    Warning (13049): Converted tri-state buffer "my_uart_rx:my_uart_rx|bps_start" feeding internal logic into a wire
Info (18000): Registers with preset signals will power-up high
Info (17049): 2 registers lost all their fanouts during netlist optimizations.
Info (21057): Implemented 117 device resources after synthesis - the final resource count might be different
    Info (21058): Implemented 3 input pins
    Info (21059): Implemented 1 output pins
    Info (21061): Implemented 113 logic cells
Info: Quartus II 64-Bit Analysis & Synthesis was successful. 0 errors, 8 warnings
    Info: Peak virtual memory: 462 megabytes
    Info: Processing ended: Mon Mar 05 08:28:50 2018
    Info: Elapsed time: 00:00:02
    Info: Total CPU time (on all processors): 00:00:01


